<?xml version="1.0" encoding="UTF-8"?>
<testsuite name="org.example.MainTest" tests="1" skipped="0" failures="0" errors="0" timestamp="2023-03-13T14:44:47" hostname="DESKTOP-HH1PIUL" time="0.011">
  <properties/>
  <testcase name="return1()" classname="org.example.MainTest" time="0.011"/>
  <system-out><![CDATA[]]></system-out>
  <system-err><![CDATA[]]></system-err>
</testsuite>
